{
  "dataset": "/Users/jameshan/Developments/blueberry/images/yolo_training_ready",
  "image_count": 2731,
  "label_count": 2731,
  "valid_pair_count": 2731,
  "missing_label_count": 0,
  "missing_image_count": 0,
  "missing_labels": [],
  "missing_images": [],
  "yolo_error_count": 0,
  "yolo_errors": []
}
13:P84: 当前，随着新一代信息技术持续快速发展，人工智能正加速融入各行业领域，赋能实体经济高质量发展。高质量数据集是开发和训练人工智能模型的重要支撑， 能够提高模型精度与可解释性、减少训练时长，已经成为人工智能发展的核心要素。目前， 在我国高质量数据集建设推进过程中，仍存在数据集“如何建设 ”不明确、“建设方法论”缺失的问题。制定高质量数据集建设指南，为数据集建设全生命周期，包括数据需求、数据规划、数据采集、数据预处理、数据标注、模型验证等阶段，提供指导和建议，对于提升数据集优质供给，有力支持人工智能模型开发和训练，更好赋能经济社会发展至关重要。
16:P100: 本文件提供了高质量数据集建设全生命周期的指导和建议，包括数据需求、数据规划、数据采集、数据预处理、数据标注、模型验证等阶段。
34:P122: 数据标注  data labeling
45:P141: 高质量数据集建设应按照生命周期有序展开，包括数据需求、数据规划、数据采集、数据预处理、数据标注、模型验证等阶段。各阶段主要按以上顺序逐步开展， 同时会对其他阶段进行反馈，或者会在其他阶段反馈下进行迭代优化。
49:P152: 5  数据需求
50:P154: 数据需求阶段主要是确定人工智能应用对数据的需求，即根据预期人工智能用途明确数据集在数据范围、内容、可用、质量等方面的需求。该阶段包括但不限于：
55:P167: 6  数据规划
56:P169: 数据规划阶段主要是确保所用数据满足数据需求阶段的要求，同时为使用这些数据完成人工智能应用的目标提供支持。该阶段包括但不限于：
58:P171: b)  制定具体计划，即制定涵盖数据采集、数据预处理、数据标注、模型验证等阶段的具体计划，包括各阶段实施计划、数据质量计划等，以满足数据规范等方面要求；
60:P174: 7  数据采集
61:P176: 数据采集阶段主要是收集用于特定人工智能应用的数据，即从数据规划阶段所确定的数据源收集的实时和历史数据。该阶段包括但不限于：
62:P177: a)  结合预期数据源确定数据采集方式，即根据所需数据是否已存在并可直接再利用、是否可转化现有数据来满足要求、是否可通过购买或许可获得数据、是否可以生成数据、是否需要采集新数据等情况，确定是以获取和组合现有数据集、生成数据（如模拟数据、合成数据等） 、收集数据（如传感器采集、手动输入等）等之中何种方式采集数据；
65:P181: 8  数据预处理
66:P183: 数据预处理阶段主要是将所收集到的数据处理成可供数据标注等后续阶段使用的形式。该阶段涉及以下可选过程：
75:P193: 9  数据标注
76:P201: 数据标注阶段为可选阶段，主要是针对有监督机器学习，其训练、验证和测试数据需要对单个或多个目标变量赋值。该阶段包括但不限于：
77:P202: a)  明确数据标注规程规范；
79:P204: c)  对数据标注过程进行监测和质量管理。
80:P206: 10  模型验证
81:P208: 模型验证阶段主要是将所准备的数据用于人工智能模型开发和训练，对模型性能是否达到预期进行评估，以验证数据集是否满足要求。若模型性能达到预期， 则表明数据集已满足要求。若模型性能未达到预期，则可采取以下步骤：
83:P210: b)  对模型验证阶段所发现的数据质量问题进行分析，将对模型性能产生不利影响的数据质量问题反馈给上游阶段，以改进相关阶段的数据质量；
84:P211: c)  重复数据需求、数据规划、数据采集、数据预处理、数据标注等阶段以提升数据质量；
89:P225: [3] GB/T 42755-2023 人工智能 面向机器学习的数据标注规程
96:T1R1: 数据需求 （a）确定数据集所需数据范围、内容等； （b）检查数据集所需要数据的可使用性； （c）构建数据集所需要的数据质量模型等。
99:T2R1: 数据规划 （a）设计数据架构； （b）制定具体计划； （c）预计工作体量等。
102:T3R1: 数据采集 （a）结合预期数据源确定数据采集方式； （b）测试并在必要时改进数据收集方法； （c）测量并在必要时提升采集数据质量等。
105:T4R1: 数据预处理 （a）数据转换；（e）数据抽样； （b）数据验证；（f）特征创建； （c）数据清洗；（g）特征选择； （d）数据聚合；（h）信息丰富等。
108:T5R1: 数据标注（可选） （a）明确数据标注规程规范； （b）确定所需的技能和资源； （c）过程的监测和质量管理等。
111:T6R1: 模型验证 （a）评估所训练模型性能是否达到预期，验证数据集是否满足要求； （b）若数据集未能使模型性能达到预期，需将相关问题反馈至有关上游阶段以提升数据质量，再进行模型验证以验证数据集是否满足要求。
