{
  "quality_error_count": 0,
  "quality_errors": []
}
72:P169: e)  内容真实性：数据集中数据真实可追溯。非生成数据能追溯到采集源头，能与采集源头保持一致，不存在未经说明的篡改；生成数据能追溯到生成算法和过程，且能符合目标场景真实数据的分布规律；
75:P179: h)  内容干净性：数据集中数据经过严格清洗处理，不包含脏数据（针对不同模态数据的内容干净性评测细则详见附录 A）。
82:P186: e)  模型适配性：数据集应能有效提升目标应用场景人工智能模型的性能。
85:P191: 数据集需要同时满足说明文档指标、数据质量指标和模型应用指标的要求， 方可认定为高质量数据集。具体要求为： 说明文档指标得分达到 90 分及以上，数据质量指标得分达到90 分及以上，模型应用指标得分达到 90 分及以上。任一指标不满足要求的数据集不能认定为高质量数据集。
113:P255: 其中，P为数据集的模型应用指标得分，i为模型应用指标中子指标的索引号（不包括模型适配性）， n为模型应用指标中子指标的数量，wi 为第i项子指标的计算权重，si 为数据集在第i项子指标上的得分取值；Fm 为模型适配性指示函数，sm 为模型适配性子指标的得分取值。
117:P262: 不同模态数据内容干净性指标细则
118:P263: 文本、图像、视频、音频等模态数据内容干净性指标细则分别如表A.1、表A.2、表A.3、表A.4所示。
119:P264: 表A.1 文本数据内容干净性指标细则
120:P266: 表A.2 图像数据内容干净性指标细则
121:P268: 表A.3 视频数据内容干净性指标细则
122:P270: 表A.4 音频数据内容干净性指标细则
135:T1R2: 0101 | 基本信息完整性 | 数据集 | 数据集说明文档满足基本信息完整性要求的方面比例 注：基本信息完整性所要求的方面包括数据集规模、格式规范、文件结构、访问渠道、技术支持方式等 | X = A/B 式中： A = 数据集说明文档满足基本信息完整性要求的方面数量； B = 数据集说明文档需要满足基本信息完整性要求的方面总数
146:T3R2: 0201 | 格式规范性 | 数据记录 | 数据集中格式符合预定标准的数据记录比例 注：预定标准是指相关标准、惯例或其他用户自定义规则 | X = A/B 式中： A = 数据集中格式符合预定标准的数据记录数量； B = 数据集中的数据记录总数
154:T4R5: 0205 | 内容真实性 | 数据记录 | 数据集中真实可追溯的数据记录比例 | X = A/B 式中： A = 数据集中真实可追溯的数据记录数量； B = 数据集中的数据记录总数
157:T4R8: 0208 | 内容干净性 | 数据记录 | 数据集中内容干净的数据记录比例 | X = A/B 式中： A = 数据集中内容干净的数据记录数量； B = 数据集中的数据记录总数
161:T5R2: 0301 | 内容多样性 | 数据集 | 数据集的数据分布全面程度满足目标应用场景人工智能模型开发和训练需求的比例 | X = A/B 式中： A = 数据集分布覆盖范围； B = 目标应用场景人工智能模型开发和训练所需的数据集分布覆盖范围
165:T5R6: 0305 | 模型适配性 | 数据集 | 利用数据集训练的人工智能模型在目标应用场景中达到预期性能水平的程度 注：使用数据集开发和训练模型，通过对比模型实际性能与预期性能的差异，衡量数据集的模型适配性 | X = A/B或X = B/A式中： A = 使用数据集开发和训练的人工智能模型在目标应用场景的性能； B = 目标应用场景人工智能模型的预期性能
173:T7R2: 02080101 | 文本困惑程度 （PPL） | 文本的语言流畅度水平，困惑度数值越小表示文本内容越通顺自然，越符合语言表达规律
183:T8R2: 02080201 | 图像分辨率 | 图像的像素尺寸大小，通常以宽×高像素表示。分辨率越高，视频的细节和清晰度越好
190:T9R2: 02080301 | 视频分辨率 | 视频的像素尺寸大小，通常以宽×高像素表示。分辨率越高，视频的细节和清晰度越好
